19-Mar-2023 14:17:14.610 INFO [main] org.apache.catalina.core.ApplicationContext.log No Spring WebApplicationInitializer types detected on classpath
19-Mar-2023 14:17:14.646 INFO [main] org.apache.catalina.core.ApplicationContext.log Initializing Spring DispatcherServlet 'spring'
19-Mar-2023 14:17:15.871 INFO [main] org.apache.catalina.core.ApplicationContext.log No Spring WebApplicationInitializer types detected on classpath
19-Mar-2023 14:17:15.894 INFO [main] org.apache.catalina.core.ApplicationContext.log Initializing Spring DispatcherServlet 'spring'
19-Mar-2023 14:17:16.701 INFO [main] org.apache.catalina.core.ApplicationContext.log ContextListener: contextInitialized()
19-Mar-2023 14:17:16.701 INFO [main] org.apache.catalina.core.ApplicationContext.log SessionListener: contextInitialized()
19-Mar-2023 14:17:16.702 INFO [main] org.apache.catalina.core.ApplicationContext.log ContextListener: attributeAdded('StockTicker', 'async.Stockticker@642aa8ea')
19-Mar-2023 14:18:06.979 INFO [main] org.apache.catalina.core.ApplicationContext.log Destroying Spring FrameworkServlet 'spring'
19-Mar-2023 14:18:06.988 INFO [main] org.apache.catalina.core.ApplicationContext.log SessionListener: contextDestroyed()
19-Mar-2023 14:18:06.988 INFO [main] org.apache.catalina.core.ApplicationContext.log ContextListener: contextDestroyed()
19-Mar-2023 14:18:06.993 INFO [main] org.apache.catalina.core.ApplicationContext.log Destroying Spring FrameworkServlet 'spring'
19-Mar-2023 14:18:08.987 INFO [main] org.apache.catalina.core.ApplicationContext.log No Spring WebApplicationInitializer types detected on classpath
19-Mar-2023 14:18:09.021 INFO [main] org.apache.catalina.core.ApplicationContext.log Initializing Spring DispatcherServlet 'spring'
19-Mar-2023 14:18:10.680 INFO [main] org.apache.catalina.core.ApplicationContext.log No Spring WebApplicationInitializer types detected on classpath
19-Mar-2023 14:18:10.711 INFO [main] org.apache.catalina.core.ApplicationContext.log Initializing Spring DispatcherServlet 'spring'
19-Mar-2023 14:18:11.815 INFO [main] org.apache.catalina.core.ApplicationContext.log ContextListener: contextInitialized()
19-Mar-2023 14:18:11.816 INFO [main] org.apache.catalina.core.ApplicationContext.log SessionListener: contextInitialized()
19-Mar-2023 14:18:11.817 INFO [main] org.apache.catalina.core.ApplicationContext.log ContextListener: attributeAdded('StockTicker', 'async.Stockticker@252da8f')
19-Mar-2023 14:22:10.795 INFO [main] org.apache.catalina.core.ApplicationContext.log Destroying Spring FrameworkServlet 'spring'
19-Mar-2023 14:22:10.809 INFO [main] org.apache.catalina.core.ApplicationContext.log SessionListener: contextDestroyed()
19-Mar-2023 14:22:10.809 INFO [main] org.apache.catalina.core.ApplicationContext.log ContextListener: contextDestroyed()
19-Mar-2023 14:22:10.816 INFO [main] org.apache.catalina.core.ApplicationContext.log Destroying Spring FrameworkServlet 'spring'
19-Mar-2023 14:22:12.549 INFO [main] org.apache.catalina.core.ApplicationContext.log No Spring WebApplicationInitializer types detected on classpath
19-Mar-2023 14:22:12.582 INFO [main] org.apache.catalina.core.ApplicationContext.log Initializing Spring DispatcherServlet 'spring'
19-Mar-2023 14:22:13.872 INFO [main] org.apache.catalina.core.ApplicationContext.log No Spring WebApplicationInitializer types detected on classpath
19-Mar-2023 14:22:13.895 INFO [main] org.apache.catalina.core.ApplicationContext.log Initializing Spring DispatcherServlet 'spring'
19-Mar-2023 14:22:14.848 INFO [main] org.apache.catalina.core.ApplicationContext.log ContextListener: contextInitialized()
19-Mar-2023 14:22:14.848 INFO [main] org.apache.catalina.core.ApplicationContext.log SessionListener: contextInitialized()
19-Mar-2023 14:22:14.849 INFO [main] org.apache.catalina.core.ApplicationContext.log ContextListener: attributeAdded('StockTicker', 'async.Stockticker@5ceeab0c')
19-Mar-2023 14:22:27.636 INFO [main] org.apache.catalina.core.ApplicationContext.log Destroying Spring FrameworkServlet 'spring'
19-Mar-2023 14:22:27.645 INFO [main] org.apache.catalina.core.ApplicationContext.log SessionListener: contextDestroyed()
19-Mar-2023 14:22:27.645 INFO [main] org.apache.catalina.core.ApplicationContext.log ContextListener: contextDestroyed()
19-Mar-2023 14:22:27.653 INFO [main] org.apache.catalina.core.ApplicationContext.log Destroying Spring FrameworkServlet 'spring'
19-Mar-2023 14:22:29.456 INFO [main] org.apache.catalina.core.ApplicationContext.log No Spring WebApplicationInitializer types detected on classpath
19-Mar-2023 14:22:29.486 INFO [main] org.apache.catalina.core.ApplicationContext.log Initializing Spring DispatcherServlet 'spring'
19-Mar-2023 14:22:30.931 INFO [main] org.apache.catalina.core.ApplicationContext.log No Spring WebApplicationInitializer types detected on classpath
19-Mar-2023 14:22:30.963 INFO [main] org.apache.catalina.core.ApplicationContext.log Initializing Spring DispatcherServlet 'spring'
19-Mar-2023 14:22:31.904 INFO [main] org.apache.catalina.core.ApplicationContext.log ContextListener: contextInitialized()
19-Mar-2023 14:22:31.904 INFO [main] org.apache.catalina.core.ApplicationContext.log SessionListener: contextInitialized()
19-Mar-2023 14:22:31.905 INFO [main] org.apache.catalina.core.ApplicationContext.log ContextListener: attributeAdded('StockTicker', 'async.Stockticker@1be49e00')
19-Mar-2023 14:27:36.347 INFO [main] org.apache.catalina.core.ApplicationContext.log Destroying Spring FrameworkServlet 'spring'
19-Mar-2023 14:27:36.354 INFO [main] org.apache.catalina.core.ApplicationContext.log SessionListener: contextDestroyed()
19-Mar-2023 14:27:36.354 INFO [main] org.apache.catalina.core.ApplicationContext.log ContextListener: contextDestroyed()
19-Mar-2023 14:27:36.358 INFO [main] org.apache.catalina.core.ApplicationContext.log Destroying Spring FrameworkServlet 'spring'
19-Mar-2023 14:27:38.236 INFO [main] org.apache.catalina.core.ApplicationContext.log No Spring WebApplicationInitializer types detected on classpath
19-Mar-2023 14:27:38.270 INFO [main] org.apache.catalina.core.ApplicationContext.log Initializing Spring DispatcherServlet 'spring'
19-Mar-2023 14:27:39.851 INFO [main] org.apache.catalina.core.ApplicationContext.log No Spring WebApplicationInitializer types detected on classpath
19-Mar-2023 14:27:39.874 INFO [main] org.apache.catalina.core.ApplicationContext.log Initializing Spring DispatcherServlet 'spring'
19-Mar-2023 14:27:40.904 INFO [main] org.apache.catalina.core.ApplicationContext.log ContextListener: contextInitialized()
19-Mar-2023 14:27:40.904 INFO [main] org.apache.catalina.core.ApplicationContext.log SessionListener: contextInitialized()
19-Mar-2023 14:27:40.905 INFO [main] org.apache.catalina.core.ApplicationContext.log ContextListener: attributeAdded('StockTicker', 'async.Stockticker@597f9d91')
19-Mar-2023 14:31:01.725 INFO [main] org.apache.catalina.core.ApplicationContext.log Destroying Spring FrameworkServlet 'spring'
19-Mar-2023 14:31:01.736 INFO [main] org.apache.catalina.core.ApplicationContext.log SessionListener: contextDestroyed()
19-Mar-2023 14:31:01.736 INFO [main] org.apache.catalina.core.ApplicationContext.log ContextListener: contextDestroyed()
19-Mar-2023 14:31:01.741 INFO [main] org.apache.catalina.core.ApplicationContext.log Destroying Spring FrameworkServlet 'spring'
19-Mar-2023 14:31:04.011 INFO [main] org.apache.catalina.core.ApplicationContext.log No Spring WebApplicationInitializer types detected on classpath
19-Mar-2023 14:31:04.067 INFO [main] org.apache.catalina.core.ApplicationContext.log Initializing Spring DispatcherServlet 'spring'
19-Mar-2023 14:31:05.898 INFO [main] org.apache.catalina.core.ApplicationContext.log No Spring WebApplicationInitializer types detected on classpath
19-Mar-2023 14:31:05.938 INFO [main] org.apache.catalina.core.ApplicationContext.log Initializing Spring DispatcherServlet 'spring'
19-Mar-2023 14:31:07.247 INFO [main] org.apache.catalina.core.ApplicationContext.log ContextListener: contextInitialized()
19-Mar-2023 14:31:07.247 INFO [main] org.apache.catalina.core.ApplicationContext.log SessionListener: contextInitialized()
19-Mar-2023 14:31:07.248 INFO [main] org.apache.catalina.core.ApplicationContext.log ContextListener: attributeAdded('StockTicker', 'async.Stockticker@7c4663ec')
19-Mar-2023 14:31:17.295 INFO [main] org.apache.catalina.core.ApplicationContext.log Destroying Spring FrameworkServlet 'spring'
19-Mar-2023 14:31:17.310 INFO [main] org.apache.catalina.core.ApplicationContext.log SessionListener: contextDestroyed()
19-Mar-2023 14:31:17.311 INFO [main] org.apache.catalina.core.ApplicationContext.log ContextListener: contextDestroyed()
19-Mar-2023 14:31:17.324 INFO [main] org.apache.catalina.core.ApplicationContext.log Destroying Spring FrameworkServlet 'spring'
19-Mar-2023 14:31:19.562 INFO [main] org.apache.catalina.core.ApplicationContext.log No Spring WebApplicationInitializer types detected on classpath
19-Mar-2023 14:31:19.613 INFO [main] org.apache.catalina.core.ApplicationContext.log Initializing Spring DispatcherServlet 'spring'
19-Mar-2023 14:31:21.379 INFO [main] org.apache.catalina.core.ApplicationContext.log No Spring WebApplicationInitializer types detected on classpath
19-Mar-2023 14:31:21.414 INFO [main] org.apache.catalina.core.ApplicationContext.log Initializing Spring DispatcherServlet 'spring'
19-Mar-2023 14:31:22.772 INFO [main] org.apache.catalina.core.ApplicationContext.log ContextListener: contextInitialized()
19-Mar-2023 14:31:22.772 INFO [main] org.apache.catalina.core.ApplicationContext.log SessionListener: contextInitialized()
19-Mar-2023 14:31:22.773 INFO [main] org.apache.catalina.core.ApplicationContext.log ContextListener: attributeAdded('StockTicker', 'async.Stockticker@642aa8ea')
19-Mar-2023 14:36:56.052 INFO [main] org.apache.catalina.core.ApplicationContext.log Destroying Spring FrameworkServlet 'spring'
19-Mar-2023 14:36:56.088 INFO [main] org.apache.catalina.core.ApplicationContext.log SessionListener: contextDestroyed()
19-Mar-2023 14:36:56.088 INFO [main] org.apache.catalina.core.ApplicationContext.log ContextListener: contextDestroyed()
19-Mar-2023 14:36:56.096 INFO [main] org.apache.catalina.core.ApplicationContext.log Destroying Spring FrameworkServlet 'spring'
19-Mar-2023 14:36:58.749 INFO [main] org.apache.catalina.core.ApplicationContext.log No Spring WebApplicationInitializer types detected on classpath
19-Mar-2023 14:36:58.795 INFO [main] org.apache.catalina.core.ApplicationContext.log Initializing Spring DispatcherServlet 'spring'
19-Mar-2023 14:37:00.594 INFO [main] org.apache.catalina.core.ApplicationContext.log No Spring WebApplicationInitializer types detected on classpath
19-Mar-2023 14:37:00.627 INFO [main] org.apache.catalina.core.ApplicationContext.log Initializing Spring DispatcherServlet 'spring'
19-Mar-2023 14:37:02.009 INFO [main] org.apache.catalina.core.ApplicationContext.log ContextListener: contextInitialized()
19-Mar-2023 14:37:02.009 INFO [main] org.apache.catalina.core.ApplicationContext.log SessionListener: contextInitialized()
19-Mar-2023 14:37:02.010 INFO [main] org.apache.catalina.core.ApplicationContext.log ContextListener: attributeAdded('StockTicker', 'async.Stockticker@5f709b99')
19-Mar-2023 14:40:52.044 INFO [main] org.apache.catalina.core.ApplicationContext.log Destroying Spring FrameworkServlet 'spring'
19-Mar-2023 14:40:52.056 INFO [main] org.apache.catalina.core.ApplicationContext.log SessionListener: contextDestroyed()
19-Mar-2023 14:40:52.056 INFO [main] org.apache.catalina.core.ApplicationContext.log ContextListener: contextDestroyed()
19-Mar-2023 14:40:52.064 INFO [main] org.apache.catalina.core.ApplicationContext.log Destroying Spring FrameworkServlet 'spring'
19-Mar-2023 14:40:53.905 INFO [main] org.apache.catalina.core.ApplicationContext.log No Spring WebApplicationInitializer types detected on classpath
19-Mar-2023 14:40:53.944 INFO [main] org.apache.catalina.core.ApplicationContext.log Initializing Spring DispatcherServlet 'spring'
19-Mar-2023 14:40:55.778 INFO [main] org.apache.catalina.core.ApplicationContext.log No Spring WebApplicationInitializer types detected on classpath
19-Mar-2023 14:40:55.804 INFO [main] org.apache.catalina.core.ApplicationContext.log Initializing Spring DispatcherServlet 'spring'
19-Mar-2023 14:40:56.903 INFO [main] org.apache.catalina.core.ApplicationContext.log ContextListener: contextInitialized()
19-Mar-2023 14:40:56.903 INFO [main] org.apache.catalina.core.ApplicationContext.log SessionListener: contextInitialized()
19-Mar-2023 14:40:56.904 INFO [main] org.apache.catalina.core.ApplicationContext.log ContextListener: attributeAdded('StockTicker', 'async.Stockticker@252da8f')
19-Mar-2023 15:04:11.523 INFO [Thread-1] org.apache.catalina.core.ApplicationContext.log Destroying Spring FrameworkServlet 'spring'
19-Mar-2023 15:04:11.531 INFO [Thread-1] org.apache.catalina.core.ApplicationContext.log SessionListener: contextDestroyed()
19-Mar-2023 15:04:11.531 INFO [Thread-1] org.apache.catalina.core.ApplicationContext.log ContextListener: contextDestroyed()
19-Mar-2023 15:04:11.537 INFO [Thread-1] org.apache.catalina.core.ApplicationContext.log Destroying Spring FrameworkServlet 'spring'
19-Mar-2023 15:07:40.471 INFO [main] org.apache.catalina.core.ApplicationContext.log No Spring WebApplicationInitializer types detected on classpath
19-Mar-2023 15:07:40.524 INFO [main] org.apache.catalina.core.ApplicationContext.log Initializing Spring DispatcherServlet 'spring'
19-Mar-2023 15:07:42.432 INFO [main] org.apache.catalina.core.ApplicationContext.log No Spring WebApplicationInitializer types detected on classpath
19-Mar-2023 15:07:42.469 INFO [main] org.apache.catalina.core.ApplicationContext.log Initializing Spring DispatcherServlet 'spring'
19-Mar-2023 15:07:43.528 INFO [main] org.apache.catalina.core.ApplicationContext.log ContextListener: contextInitialized()
19-Mar-2023 15:07:43.528 INFO [main] org.apache.catalina.core.ApplicationContext.log SessionListener: contextInitialized()
19-Mar-2023 15:07:43.529 INFO [main] org.apache.catalina.core.ApplicationContext.log ContextListener: attributeAdded('StockTicker', 'async.Stockticker@329b4814')
19-Mar-2023 15:20:18.563 INFO [main] org.apache.catalina.core.ApplicationContext.log Destroying Spring FrameworkServlet 'spring'
19-Mar-2023 15:20:18.576 INFO [main] org.apache.catalina.core.ApplicationContext.log SessionListener: contextDestroyed()
19-Mar-2023 15:20:18.577 INFO [main] org.apache.catalina.core.ApplicationContext.log ContextListener: contextDestroyed()
19-Mar-2023 15:20:18.588 INFO [main] org.apache.catalina.core.ApplicationContext.log Destroying Spring FrameworkServlet 'spring'
19-Mar-2023 15:20:20.005 INFO [main] org.apache.catalina.core.ApplicationContext.log No Spring WebApplicationInitializer types detected on classpath
19-Mar-2023 15:20:20.035 INFO [main] org.apache.catalina.core.ApplicationContext.log Initializing Spring DispatcherServlet 'spring'
19-Mar-2023 15:20:21.277 INFO [main] org.apache.catalina.core.ApplicationContext.log No Spring WebApplicationInitializer types detected on classpath
19-Mar-2023 15:20:21.300 INFO [main] org.apache.catalina.core.ApplicationContext.log Initializing Spring DispatcherServlet 'spring'
19-Mar-2023 15:20:22.046 INFO [main] org.apache.catalina.core.ApplicationContext.log ContextListener: contextInitialized()
19-Mar-2023 15:20:22.046 INFO [main] org.apache.catalina.core.ApplicationContext.log SessionListener: contextInitialized()
19-Mar-2023 15:20:22.047 INFO [main] org.apache.catalina.core.ApplicationContext.log ContextListener: attributeAdded('StockTicker', 'async.Stockticker@791b9887')
19-Mar-2023 15:21:28.279 INFO [main] org.apache.catalina.core.ApplicationContext.log Destroying Spring FrameworkServlet 'spring'
19-Mar-2023 15:21:28.287 INFO [main] org.apache.catalina.core.ApplicationContext.log SessionListener: contextDestroyed()
19-Mar-2023 15:21:28.287 INFO [main] org.apache.catalina.core.ApplicationContext.log ContextListener: contextDestroyed()
19-Mar-2023 15:21:28.291 INFO [main] org.apache.catalina.core.ApplicationContext.log Destroying Spring FrameworkServlet 'spring'
19-Mar-2023 15:21:29.848 INFO [main] org.apache.catalina.core.ApplicationContext.log No Spring WebApplicationInitializer types detected on classpath
19-Mar-2023 15:21:29.871 INFO [main] org.apache.catalina.core.ApplicationContext.log Initializing Spring DispatcherServlet 'spring'
19-Mar-2023 15:21:31.136 INFO [main] org.apache.catalina.core.ApplicationContext.log No Spring WebApplicationInitializer types detected on classpath
19-Mar-2023 15:21:31.158 INFO [main] org.apache.catalina.core.ApplicationContext.log Initializing Spring DispatcherServlet 'spring'
19-Mar-2023 15:21:31.924 INFO [main] org.apache.catalina.core.ApplicationContext.log ContextListener: contextInitialized()
19-Mar-2023 15:21:31.924 INFO [main] org.apache.catalina.core.ApplicationContext.log SessionListener: contextInitialized()
19-Mar-2023 15:21:31.925 INFO [main] org.apache.catalina.core.ApplicationContext.log ContextListener: attributeAdded('StockTicker', 'async.Stockticker@22c5652b')
19-Mar-2023 21:36:59.363 INFO [main] org.apache.catalina.core.ApplicationContext.log Destroying Spring FrameworkServlet 'spring'
19-Mar-2023 21:36:59.371 INFO [main] org.apache.catalina.core.ApplicationContext.log SessionListener: contextDestroyed()
19-Mar-2023 21:36:59.371 INFO [main] org.apache.catalina.core.ApplicationContext.log ContextListener: contextDestroyed()
19-Mar-2023 21:36:59.379 INFO [main] org.apache.catalina.core.ApplicationContext.log Destroying Spring FrameworkServlet 'spring'
19-Mar-2023 21:37:01.490 INFO [main] org.apache.catalina.core.ApplicationContext.log No Spring WebApplicationInitializer types detected on classpath
19-Mar-2023 21:37:01.528 INFO [main] org.apache.catalina.core.ApplicationContext.log Initializing Spring DispatcherServlet 'spring'
19-Mar-2023 21:37:03.089 INFO [main] org.apache.catalina.core.ApplicationContext.log No Spring WebApplicationInitializer types detected on classpath
19-Mar-2023 21:37:03.102 INFO [main] org.apache.catalina.core.ApplicationContext.log Initializing Spring DispatcherServlet 'spring'
19-Mar-2023 21:37:04.296 INFO [main] org.apache.catalina.core.ApplicationContext.log ContextListener: contextInitialized()
19-Mar-2023 21:37:04.296 INFO [main] org.apache.catalina.core.ApplicationContext.log SessionListener: contextInitialized()
19-Mar-2023 21:37:04.298 INFO [main] org.apache.catalina.core.ApplicationContext.log ContextListener: attributeAdded('StockTicker', 'async.Stockticker@54c76c23')
19-Mar-2023 21:37:11.632 INFO [main] org.apache.catalina.core.ApplicationContext.log Destroying Spring FrameworkServlet 'spring'
19-Mar-2023 21:37:11.636 INFO [main] org.apache.catalina.core.ApplicationContext.log SessionListener: contextDestroyed()
19-Mar-2023 21:37:11.636 INFO [main] org.apache.catalina.core.ApplicationContext.log ContextListener: contextDestroyed()
19-Mar-2023 21:37:11.640 INFO [main] org.apache.catalina.core.ApplicationContext.log Destroying Spring FrameworkServlet 'spring'
19-Mar-2023 21:37:13.395 INFO [main] org.apache.catalina.core.ApplicationContext.log No Spring WebApplicationInitializer types detected on classpath
19-Mar-2023 21:37:13.427 INFO [main] org.apache.catalina.core.ApplicationContext.log Initializing Spring DispatcherServlet 'spring'
19-Mar-2023 21:37:15.308 INFO [main] org.apache.catalina.core.ApplicationContext.log No Spring WebApplicationInitializer types detected on classpath
19-Mar-2023 21:37:15.327 INFO [main] org.apache.catalina.core.ApplicationContext.log Initializing Spring DispatcherServlet 'spring'
19-Mar-2023 21:37:16.385 INFO [main] org.apache.catalina.core.ApplicationContext.log ContextListener: contextInitialized()
19-Mar-2023 21:37:16.386 INFO [main] org.apache.catalina.core.ApplicationContext.log SessionListener: contextInitialized()
19-Mar-2023 21:37:16.387 INFO [main] org.apache.catalina.core.ApplicationContext.log ContextListener: attributeAdded('StockTicker', 'async.Stockticker@4a35aed6')
