09-Mar-2023 03:36:33.481 INFO [main] org.apache.catalina.core.ApplicationContext.log Destroying Spring FrameworkServlet 'spring'
09-Mar-2023 03:36:33.509 INFO [main] org.apache.catalina.core.ApplicationContext.log SessionListener: contextDestroyed()
09-Mar-2023 03:36:33.510 INFO [main] org.apache.catalina.core.ApplicationContext.log ContextListener: contextDestroyed()
09-Mar-2023 03:36:33.524 INFO [main] org.apache.catalina.core.ApplicationContext.log Destroying Spring FrameworkServlet 'spring'
09-Mar-2023 03:36:40.157 INFO [main] org.apache.catalina.core.ApplicationContext.log No Spring WebApplicationInitializer types detected on classpath
09-Mar-2023 03:36:40.306 INFO [main] org.apache.catalina.core.ApplicationContext.log Initializing Spring DispatcherServlet 'spring'
09-Mar-2023 03:36:44.824 INFO [main] org.apache.catalina.core.ApplicationContext.log No Spring WebApplicationInitializer types detected on classpath
09-Mar-2023 03:36:44.864 INFO [main] org.apache.catalina.core.ApplicationContext.log Initializing Spring DispatcherServlet 'spring'
09-Mar-2023 03:36:46.578 INFO [main] org.apache.catalina.core.ApplicationContext.log ContextListener: contextInitialized()
09-Mar-2023 03:36:46.578 INFO [main] org.apache.catalina.core.ApplicationContext.log SessionListener: contextInitialized()
09-Mar-2023 03:36:46.580 INFO [main] org.apache.catalina.core.ApplicationContext.log ContextListener: attributeAdded('StockTicker', 'async.Stockticker@30926583')
09-Mar-2023 05:01:45.181 INFO [main] org.apache.catalina.core.ApplicationContext.log Destroying Spring FrameworkServlet 'spring'
09-Mar-2023 05:01:45.196 INFO [main] org.apache.catalina.core.ApplicationContext.log SessionListener: contextDestroyed()
09-Mar-2023 05:01:45.196 INFO [main] org.apache.catalina.core.ApplicationContext.log ContextListener: contextDestroyed()
09-Mar-2023 05:01:45.200 INFO [main] org.apache.catalina.core.ApplicationContext.log Destroying Spring FrameworkServlet 'spring'
09-Mar-2023 05:01:48.130 INFO [main] org.apache.catalina.core.ApplicationContext.log No Spring WebApplicationInitializer types detected on classpath
09-Mar-2023 05:01:48.216 INFO [main] org.apache.catalina.core.ApplicationContext.log Initializing Spring DispatcherServlet 'spring'
09-Mar-2023 05:01:50.138 INFO [main] org.apache.catalina.core.ApplicationContext.log No Spring WebApplicationInitializer types detected on classpath
09-Mar-2023 05:01:50.154 INFO [main] org.apache.catalina.core.ApplicationContext.log Initializing Spring DispatcherServlet 'spring'
09-Mar-2023 05:01:50.999 INFO [main] org.apache.catalina.core.ApplicationContext.log ContextListener: contextInitialized()
09-Mar-2023 05:01:50.999 INFO [main] org.apache.catalina.core.ApplicationContext.log SessionListener: contextInitialized()
09-Mar-2023 05:01:51.001 INFO [main] org.apache.catalina.core.ApplicationContext.log ContextListener: attributeAdded('StockTicker', 'async.Stockticker@534f4a65')
09-Mar-2023 05:05:18.058 INFO [main] org.apache.catalina.core.ApplicationContext.log Destroying Spring FrameworkServlet 'spring'
09-Mar-2023 05:05:18.076 INFO [main] org.apache.catalina.core.ApplicationContext.log SessionListener: contextDestroyed()
09-Mar-2023 05:05:18.077 INFO [main] org.apache.catalina.core.ApplicationContext.log ContextListener: contextDestroyed()
09-Mar-2023 05:05:18.085 INFO [main] org.apache.catalina.core.ApplicationContext.log Destroying Spring FrameworkServlet 'spring'
09-Mar-2023 05:05:20.213 INFO [main] org.apache.catalina.core.ApplicationContext.log No Spring WebApplicationInitializer types detected on classpath
09-Mar-2023 05:05:20.293 INFO [main] org.apache.catalina.core.ApplicationContext.log Initializing Spring DispatcherServlet 'spring'
09-Mar-2023 05:05:21.916 INFO [main] org.apache.catalina.core.ApplicationContext.log No Spring WebApplicationInitializer types detected on classpath
09-Mar-2023 05:05:21.932 INFO [main] org.apache.catalina.core.ApplicationContext.log Initializing Spring DispatcherServlet 'spring'
09-Mar-2023 05:05:22.552 INFO [main] org.apache.catalina.core.ApplicationContext.log ContextListener: contextInitialized()
09-Mar-2023 05:05:22.552 INFO [main] org.apache.catalina.core.ApplicationContext.log SessionListener: contextInitialized()
09-Mar-2023 05:05:22.553 INFO [main] org.apache.catalina.core.ApplicationContext.log ContextListener: attributeAdded('StockTicker', 'async.Stockticker@6ad703cd')
09-Mar-2023 05:06:07.707 INFO [main] org.apache.catalina.core.ApplicationContext.log Destroying Spring FrameworkServlet 'spring'
09-Mar-2023 05:06:07.718 INFO [main] org.apache.catalina.core.ApplicationContext.log SessionListener: contextDestroyed()
09-Mar-2023 05:06:07.718 INFO [main] org.apache.catalina.core.ApplicationContext.log ContextListener: contextDestroyed()
09-Mar-2023 05:06:07.723 INFO [main] org.apache.catalina.core.ApplicationContext.log Destroying Spring FrameworkServlet 'spring'
09-Mar-2023 05:06:09.542 INFO [main] org.apache.catalina.core.ApplicationContext.log No Spring WebApplicationInitializer types detected on classpath
09-Mar-2023 05:06:09.655 INFO [main] org.apache.catalina.core.ApplicationContext.log Initializing Spring DispatcherServlet 'spring'
09-Mar-2023 05:06:11.087 INFO [main] org.apache.catalina.core.ApplicationContext.log No Spring WebApplicationInitializer types detected on classpath
09-Mar-2023 05:06:11.104 INFO [main] org.apache.catalina.core.ApplicationContext.log Initializing Spring DispatcherServlet 'spring'
09-Mar-2023 05:06:11.744 INFO [main] org.apache.catalina.core.ApplicationContext.log ContextListener: contextInitialized()
09-Mar-2023 05:06:11.744 INFO [main] org.apache.catalina.core.ApplicationContext.log SessionListener: contextInitialized()
09-Mar-2023 05:06:11.745 INFO [main] org.apache.catalina.core.ApplicationContext.log ContextListener: attributeAdded('StockTicker', 'async.Stockticker@7a4efee2')
09-Mar-2023 05:06:13.104 INFO [main] org.apache.catalina.core.ApplicationContext.log Destroying Spring FrameworkServlet 'spring'
09-Mar-2023 05:06:13.113 INFO [main] org.apache.catalina.core.ApplicationContext.log SessionListener: contextDestroyed()
09-Mar-2023 05:06:13.113 INFO [main] org.apache.catalina.core.ApplicationContext.log ContextListener: contextDestroyed()
09-Mar-2023 05:06:13.117 INFO [main] org.apache.catalina.core.ApplicationContext.log Destroying Spring FrameworkServlet 'spring'
09-Mar-2023 05:06:15.625 INFO [main] org.apache.catalina.core.ApplicationContext.log No Spring WebApplicationInitializer types detected on classpath
09-Mar-2023 05:06:15.691 INFO [main] org.apache.catalina.core.ApplicationContext.log Initializing Spring DispatcherServlet 'spring'
09-Mar-2023 05:06:17.449 INFO [main] org.apache.catalina.core.ApplicationContext.log No Spring WebApplicationInitializer types detected on classpath
09-Mar-2023 05:06:17.470 INFO [main] org.apache.catalina.core.ApplicationContext.log Initializing Spring DispatcherServlet 'spring'
09-Mar-2023 05:06:18.176 INFO [main] org.apache.catalina.core.ApplicationContext.log ContextListener: contextInitialized()
09-Mar-2023 05:06:18.176 INFO [main] org.apache.catalina.core.ApplicationContext.log SessionListener: contextInitialized()
09-Mar-2023 05:06:18.177 INFO [main] org.apache.catalina.core.ApplicationContext.log ContextListener: attributeAdded('StockTicker', 'async.Stockticker@429ad94a')
09-Mar-2023 05:07:38.485 INFO [main] org.apache.catalina.core.ApplicationContext.log Destroying Spring FrameworkServlet 'spring'
09-Mar-2023 05:07:38.494 INFO [main] org.apache.catalina.core.ApplicationContext.log SessionListener: contextDestroyed()
09-Mar-2023 05:07:38.494 INFO [main] org.apache.catalina.core.ApplicationContext.log ContextListener: contextDestroyed()
09-Mar-2023 05:07:38.500 INFO [main] org.apache.catalina.core.ApplicationContext.log Destroying Spring FrameworkServlet 'spring'
09-Mar-2023 05:07:41.013 INFO [main] org.apache.catalina.core.ApplicationContext.log No Spring WebApplicationInitializer types detected on classpath
09-Mar-2023 05:07:41.084 INFO [main] org.apache.catalina.core.ApplicationContext.log Initializing Spring DispatcherServlet 'spring'
09-Mar-2023 05:07:42.907 INFO [main] org.apache.catalina.core.ApplicationContext.log No Spring WebApplicationInitializer types detected on classpath
09-Mar-2023 05:07:42.922 INFO [main] org.apache.catalina.core.ApplicationContext.log Initializing Spring DispatcherServlet 'spring'
09-Mar-2023 05:07:43.528 INFO [main] org.apache.catalina.core.ApplicationContext.log ContextListener: contextInitialized()
09-Mar-2023 05:07:43.528 INFO [main] org.apache.catalina.core.ApplicationContext.log SessionListener: contextInitialized()
09-Mar-2023 05:07:43.529 INFO [main] org.apache.catalina.core.ApplicationContext.log ContextListener: attributeAdded('StockTicker', 'async.Stockticker@1a61721e')
09-Mar-2023 05:29:46.620 INFO [main] org.apache.catalina.core.ApplicationContext.log Destroying Spring FrameworkServlet 'spring'
09-Mar-2023 05:29:46.631 INFO [main] org.apache.catalina.core.ApplicationContext.log SessionListener: contextDestroyed()
09-Mar-2023 05:29:46.631 INFO [main] org.apache.catalina.core.ApplicationContext.log ContextListener: contextDestroyed()
09-Mar-2023 05:29:46.637 INFO [main] org.apache.catalina.core.ApplicationContext.log Destroying Spring FrameworkServlet 'spring'
09-Mar-2023 05:29:48.979 INFO [main] org.apache.catalina.core.ApplicationContext.log No Spring WebApplicationInitializer types detected on classpath
09-Mar-2023 05:29:49.055 INFO [main] org.apache.catalina.core.ApplicationContext.log Initializing Spring DispatcherServlet 'spring'
09-Mar-2023 05:29:50.967 INFO [main] org.apache.catalina.core.ApplicationContext.log No Spring WebApplicationInitializer types detected on classpath
09-Mar-2023 05:29:50.983 INFO [main] org.apache.catalina.core.ApplicationContext.log Initializing Spring DispatcherServlet 'spring'
09-Mar-2023 05:29:51.723 INFO [main] org.apache.catalina.core.ApplicationContext.log ContextListener: contextInitialized()
09-Mar-2023 05:29:51.723 INFO [main] org.apache.catalina.core.ApplicationContext.log SessionListener: contextInitialized()
09-Mar-2023 05:29:51.724 INFO [main] org.apache.catalina.core.ApplicationContext.log ContextListener: attributeAdded('StockTicker', 'async.Stockticker@5d5ad1e2')
09-Mar-2023 05:37:56.476 INFO [main] org.apache.catalina.core.ApplicationContext.log Destroying Spring FrameworkServlet 'spring'
09-Mar-2023 05:37:56.486 INFO [main] org.apache.catalina.core.ApplicationContext.log SessionListener: contextDestroyed()
09-Mar-2023 05:37:56.486 INFO [main] org.apache.catalina.core.ApplicationContext.log ContextListener: contextDestroyed()
09-Mar-2023 05:37:56.490 INFO [main] org.apache.catalina.core.ApplicationContext.log Destroying Spring FrameworkServlet 'spring'
09-Mar-2023 05:37:58.993 INFO [main] org.apache.catalina.core.ApplicationContext.log No Spring WebApplicationInitializer types detected on classpath
09-Mar-2023 05:37:59.061 INFO [main] org.apache.catalina.core.ApplicationContext.log Initializing Spring DispatcherServlet 'spring'
09-Mar-2023 05:38:00.689 INFO [main] org.apache.catalina.core.ApplicationContext.log No Spring WebApplicationInitializer types detected on classpath
09-Mar-2023 05:38:00.704 INFO [main] org.apache.catalina.core.ApplicationContext.log Initializing Spring DispatcherServlet 'spring'
09-Mar-2023 05:38:01.370 INFO [main] org.apache.catalina.core.ApplicationContext.log ContextListener: contextInitialized()
09-Mar-2023 05:38:01.370 INFO [main] org.apache.catalina.core.ApplicationContext.log SessionListener: contextInitialized()
09-Mar-2023 05:38:01.371 INFO [main] org.apache.catalina.core.ApplicationContext.log ContextListener: attributeAdded('StockTicker', 'async.Stockticker@3dd4f91d')
